--- Copying files at Fri Aug 22 02:41:24 UTC 2025
INSTALLED plugins.txt
--- Copying files at Fri Aug 22 02:42:35 UTC 2025
INSTALLED plugins/pipeline-graph-analysis.jpi : 216.vfd8b_ece330ca_
INSTALLED plugins/git-parameter.jpi : 0.9.19
INSTALLED plugins/workflow-cps.jpi : 4000.v5198556e9cea_
INSTALLED plugins/pipeline-input-step.jpi : 508.v584c0e9a_2177
INSTALLED plugins/branch-api.jpi : 2.1202.vc51412f3ed84
INSTALLED plugins/metrics.jpi : 4.2.21-458.vcf496cb_839e4
INSTALLED plugins/pipeline-rest-api.jpi : 2.34
INSTALLED plugins/echarts-api.jpi : 5.5.1-4
INSTALLED plugins/bootstrap5-api.jpi : 5.3.3-1
INSTALLED plugins/jaxb.jpi : 2.3.9-1
INSTALLED plugins/script-security.jpi : 1369.v9b_98a_4e95b_2d
INSTALLED plugins/lockable-resources.jpi : 1327.ved786b_a_197e0
INSTALLED plugins/ionicons-api.jpi : 74.v93d5eb_813d5f
INSTALLED plugins/font-awesome-api.jpi : 6.6.0-2
INSTALLED plugins/pipeline-stage-step.jpi : 312.v8cd10304c27a_
INSTALLED plugins/apache-httpcomponents-client-4-api.jpi : 4.5.14-208.v438351942757
INSTALLED plugins/javax-activation-api.jpi : 1.2.0-7
INSTALLED plugins/pipeline-milestone-step.jpi : 119.vdfdc43fc3b_9a_
INSTALLED plugins/pipeline-stage-view.jpi : 2.34
INSTALLED plugins/workflow-step-api.jpi : 678.v3ee58b_469476
INSTALLED plugins/workflow-job.jpi : 1400.v7fd111b_ec82f
INSTALLED plugins/credentials.jpi : 1380.va_435002fa_924
INSTALLED plugins/pipeline-build-step.jpi : 540.vb_e8849e1a_b_d8
INSTALLED plugins/workflow-durable-task-step.jpi : 1378.v6a_3e903058a_3
INSTALLED plugins/joda-time-api.jpi : 2.13.0-85.vb_64d1c2921f1
INSTALLED plugins/workflow-aggregator.jpi : 2.7
INSTALLED plugins/workflow-basic-steps.jpi : 1058.vcb_fc1e3a_21a_9
INSTALLED plugins/durable-task.jpi : 581.v299a_5609d767
INSTALLED plugins/azure-ad.jpi : 507.vea_a_a_167b_d05c
INSTALLED plugins/kubernetes-credentials.jpi : 190.v03c305394deb_
INSTALLED plugins/jakarta-mail-api.jpi : 2.1.3-1
INSTALLED plugins/structs.jpi : 338.v848422169819
INSTALLED plugins/git-client.jpi : 5.0.3
INSTALLED plugins/commons-text-api.jpi : 1.12.0-129.v99a_50df237f7
INSTALLED plugins/jakarta-activation-api.jpi : 2.1.3-1
INSTALLED plugins/asm-api.jpi : 9.7.1-95.v9f552033802a_
INSTALLED plugins/scm-api.jpi : 696.v778d637b_a_762
INSTALLED plugins/eddsa-api.jpi : 0.3.0-4.v84c6f0f4969e
INSTALLED plugins/checks-api.jpi : 2.2.3
INSTALLED plugins/jackson2-api.jpi : 2.18.3-396.v93cc2d00b_b_7b_
INSTALLED plugins/bouncycastle-api.jpi : 2.30.1.78.1-248.ve27176eb_46cb_
INSTALLED plugins/github-api.jpi : 1.321-468.v6a_9f5f2d5a_7e
INSTALLED plugins/workflow-support.jpi : 936.v9fa_77211ca_e1
INSTALLED plugins/build-user-vars-plugin.jpi : 1.10
INSTALLED plugins/workflow-scm-step.jpi : 427.v4ca_6512e7df1
INSTALLED plugins/mina-sshd-api-core.jpi : 2.14.0-143.v2b_362fc39576
INSTALLED plugins/kubernetes.jpi : 4253.v7700d91739e5
INSTALLED plugins/variant.jpi : 60.v7290fc0eb_b_cd
INSTALLED plugins/mailer.jpi : 488.v0c9639c1a_eb_3
INSTALLED plugins/configuration-as-code.jpi : 1836.vccda_4a_122a_a_e
INSTALLED plugins/pipeline-model-api.jpi : 2.2218.v56d0cda_37c72
INSTALLED plugins/matrix-project.jpi : 839.vff91cd7e3a_b_2
INSTALLED plugins/workflow-multibranch.jpi : 783.787.v50539468395f
INSTALLED plugins/workflow-cps-global-lib.jpi : 612.v55f2f80781ef
INSTALLED plugins/list-git-branches-parameter.jpi : 0.0.13
INSTALLED plugins/mina-sshd-api-common.jpi : 2.14.0-143.v2b_362fc39576
INSTALLED plugins/jquery.jpi : 1.12.4-3
INSTALLED plugins/credentials-binding.jpi : 681.vf91669a_32e45
INSTALLED plugins/jquery3-api.jpi : 3.7.1-2
INSTALLED plugins/plain-credentials.jpi : 183.va_de8f1dd5a_2b_
INSTALLED plugins/token-macro.jpi : 400.v35420b_922dcb_
INSTALLED plugins/junit.jpi : 1312.v1a_235a_b_94a_31
INSTALLED plugins/antisamy-markup-formatter.jpi : 162.v0e6ec0fcfcf6
INSTALLED plugins/prism-api.jpi : 1.29.0-18
INSTALLED plugins/plugin-util-api.jpi : 4.1.0
INSTALLED plugins/jobConfigHistory.jpi : 1229.v3039470161a_d
INSTALLED plugins/workflow-api.jpi : 1336.vee415d95c521
INSTALLED plugins/snakeyaml-api.jpi : 2.3-123.v13484c65210a_
INSTALLED plugins/role-strategy.jpi : 680.v3a_6a_1698b_864
INSTALLED plugins/pipeline-groovy-lib.jpi : 745.vdf6077913de0
INSTALLED plugins/gson-api.jpi : 2.11.0-41.v019fcf6125dc
INSTALLED plugins/instance-identity.jpi : 201.vd2a_b_5a_468a_a_6
INSTALLED plugins/cloudbees-folder.jpi : 6.928.v7c780211d66e
INSTALLED plugins/sshd.jpi : 3.330.vc866a_8389b_58
INSTALLED plugins/display-url-api.jpi : 2.204.vf6fddd8a_8b_e9
INSTALLED plugins/okhttp-api.jpi : 4.11.0-172.vda_da_1feeb_c6e
INSTALLED plugins/authentication-tokens.jpi : 1.119.v50285141b_7e1
INSTALLED plugins/caffeine-api.jpi : 3.2.0-161.v691ef352cee1
INSTALLED plugins/github.jpi : 1.39.0
INSTALLED plugins/pipeline-model-extensions.jpi : 2.2218.v56d0cda_37c72
INSTALLED plugins/ssh-credentials.jpi : 349.vb_8b_6b_9709f5b_
INSTALLED plugins/pipeline-model-definition.jpi : 2.2218.v56d0cda_37c72
INSTALLED plugins/azure-sdk.jpi : 174.va_89c1df897d2
INSTALLED plugins/trilead-api.jpi : 2.147.vb_73cc728a_32e
INSTALLED plugins/matrix-auth.jpi : 3.2.3
INSTALLED plugins/data-tables-api.jpi : 2.1.8-1
INSTALLED plugins/json-path-api.jpi : 2.9.0-58.v62e3e85b_a_655
INSTALLED plugins/json-api.jpi : 20240303-41.v94e11e6de726
INSTALLED plugins/git.jpi : 5.2.2
INSTALLED plugins/job-dsl.jpi : 1.87
INSTALLED plugins/commons-lang3-api.jpi : 3.17.0-84.vb_b_938040b_078
INSTALLED plugins/kubernetes-client-api.jpi : 6.10.0-240.v57880ce8b_0b_2
INSTALLED plugins/git-server.jpi : 126.v0d945d8d2b_39
INSTALLED plugins/pipeline-stage-tags-metadata.jpi : 2.2218.v56d0cda_37c72
--- Copying files at Fri Aug 22 02:47:58 UTC 2025
--- Copying files at Fri Aug 22 02:48:00 UTC 2025
--- Copying files at Fri Aug 22 03:01:47 UTC 2025
--- Copying files at Fri Aug 22 03:01:49 UTC 2025
--- Copying files at Fri Aug 22 03:04:55 UTC 2025
--- Copying files at Fri Aug 22 03:04:57 UTC 2025
--- Copying files at Fri Aug 22 03:41:18 UTC 2025
--- Copying files at Fri Aug 22 03:41:20 UTC 2025
--- Copying files at Fri Aug 22 03:44:06 UTC 2025
--- Copying files at Fri Aug 22 03:44:13 UTC 2025
--- Copying files at Fri Aug 22 03:50:15 UTC 2025
--- Copying files at Fri Aug 22 03:51:31 UTC 2025
--- Copying files at Fri Aug 22 04:01:53 UTC 2025
--- Copying files at Fri Aug 22 04:04:41 UTC 2025
--- Copying files at Fri Aug 22 04:12:33 UTC 2025
--- Copying files at Fri Aug 22 04:13:32 UTC 2025
--- Copying files at Fri Aug 22 04:16:46 UTC 2025
--- Copying files at Fri Aug 22 04:18:06 UTC 2025
--- Copying files at Fri Aug 22 04:33:10 UTC 2025
--- Copying files at Fri Aug 22 04:34:31 UTC 2025
--- Copying files at Fri Aug 22 04:39:06 UTC 2025
--- Copying files at Fri Aug 22 04:39:08 UTC 2025
--- Copying files at Fri Aug 22 04:49:58 UTC 2025
--- Copying files at Fri Aug 22 05:29:53 UTC 2025
--- Copying files at Fri Aug 22 05:31:14 UTC 2025
--- Copying files at Fri Aug 22 05:53:05 UTC 2025
--- Copying files at Fri Aug 22 05:54:17 UTC 2025
--- Copying files at Fri Aug 22 06:28:08 UTC 2025
--- Copying files at Fri Aug 22 06:33:44 UTC 2025
--- Copying files at Fri Aug 22 06:34:56 UTC 2025
--- Copying files at Fri Aug 22 06:37:20 UTC 2025
--- Copying files at Fri Aug 22 06:39:19 UTC 2025
--- Copying files at Fri Aug 22 06:47:38 UTC 2025
--- Copying files at Fri Aug 22 06:47:42 UTC 2025
--- Copying files at Fri Aug 22 06:53:42 UTC 2025
--- Copying files at Fri Aug 22 06:53:46 UTC 2025
--- Copying files at Fri Aug 22 07:26:44 UTC 2025
--- Copying files at Fri Aug 22 07:26:49 UTC 2025
